Test output
inactive
Fri 06 May 2022 10:53:48 AM CDT
nologon
Fri 06 May 2022 10:54:48 AM CDT
ssh in progress dont shutdown
Fri 06 May 2022 11:04:03 AM CDT
ssh in progress dont shutdown
Fri 06 May 2022 11:05:03 AM CDT
ssh in progress dont shutdown
Fri 06 May 2022 11:06:03 AM CDT
nologon
Fri 06 May 2022 11:10:11 AM CDT
nologon
Fri 06 May 2022 11:11:11 AM CDT
nologon
Fri 06 May 2022 11:12:11 AM CDT
nologon
Fri 06 May 2022 11:13:11 AM CDT
nologon
Fri 06 May 2022 11:14:11 AM CDT
nologon
Fri 06 May 2022 11:15:11 AM CDT
nologon
Fri 06 May 2022 11:16:11 AM CDT
nologon
Fri 06 May 2022 11:17:12 AM CDT
nologon
Fri 06 May 2022 11:18:12 AM CDT
nologon
Fri 06 May 2022 11:19:12 AM CDT
nologon
Fri 06 May 2022 12:07:34 PM CDT
nologon
Fri 06 May 2022 03:34:27 PM CDT
nologon
Fri 06 May 2022 03:44:53 PM CDT
nologon
Fri 06 May 2022 03:59:42 PM CDT
nologon
Fri 06 May 2022 07:54:46 PM CDT
nologon
Sat 07 May 2022 06:17:55 PM CDT
nologon
Sat 07 May 2022 06:32:04 PM CDT
nologon
Sat 07 May 2022 08:53:00 PM CDT
nologon
Sun 08 May 2022 08:49:20 AM CDT
nologon
Sun 08 May 2022 09:36:36 AM CDT
nologon
Sun 08 May 2022 10:14:08 AM CDT
nologon
Sun 08 May 2022 11:03:38 AM CDT
nologon
Sun 08 May 2022 02:26:30 PM CDT
nologon
Sun 08 May 2022 02:48:48 PM CDT
nologon
Sun 08 May 2022 04:18:20 PM CDT
nologon
Sun 08 May 2022 08:54:41 PM CDT
nologon
Sun 08 May 2022 09:24:39 PM CDT
nologon
Sun 08 May 2022 09:37:04 PM CDT
nologon
Mon 09 May 2022 09:14:11 AM CDT
